<?xml version="1.0" encoding="UTF-8"?>
<coverage generated="1670102388632" clover="3.2.0">
  <project timestamp="1670102388632" name="All files">
    <metrics statements="309" coveredstatements="197" conditionals="149" coveredconditionals="89" methods="48" coveredmethods="35" elements="506" coveredelements="321" complexity="0" loc="309" ncloc="309" packages="1" files="2" classes="2"/>
    <file name="classes.ts" path="C:\Users\lukyn\OneDrive\Dokumenty\skola\bakalarska-praca\implementation\src\classes.ts">
      <metrics statements="56" coveredstatements="48" conditionals="12" coveredconditionals="8" methods="16" coveredmethods="11"/>
      <line num="16" count="1" type="stmt"/>
      <line num="21" count="56" type="stmt"/>
      <line num="24" count="56" type="stmt"/>
      <line num="26" count="56" type="stmt"/>
      <line num="32" count="56" type="stmt"/>
      <line num="33" count="56" type="stmt"/>
      <line num="34" count="56" type="stmt"/>
      <line num="35" count="56" type="stmt"/>
      <line num="36" count="56" type="stmt"/>
      <line num="37" count="56" type="stmt"/>
      <line num="41" count="2" type="stmt"/>
      <line num="47" count="2" type="stmt"/>
      <line num="51" count="0" type="stmt"/>
      <line num="54" count="0" type="stmt"/>
      <line num="58" count="1" type="stmt"/>
      <line num="59" count="50" type="stmt"/>
      <line num="70" count="50" type="stmt"/>
      <line num="71" count="50" type="stmt"/>
      <line num="72" count="50" type="stmt"/>
      <line num="76" count="50" type="stmt"/>
      <line num="77" count="50" type="stmt"/>
      <line num="82" count="50" type="stmt"/>
      <line num="83" count="50" type="stmt"/>
      <line num="84" count="50" type="stmt"/>
      <line num="85" count="50" type="stmt"/>
      <line num="86" count="50" type="stmt"/>
      <line num="87" count="50" type="stmt"/>
      <line num="88" count="50" type="stmt"/>
      <line num="89" count="50" type="stmt"/>
      <line num="90" count="50" type="stmt"/>
      <line num="91" count="50" type="stmt"/>
      <line num="92" count="50" type="stmt"/>
      <line num="98" count="9" type="stmt"/>
      <line num="102" count="9" type="stmt"/>
      <line num="103" count="9" type="stmt"/>
      <line num="104" count="17" type="stmt"/>
      <line num="105" count="17" type="stmt"/>
      <line num="107" count="9" type="stmt"/>
      <line num="111" count="2" type="stmt"/>
      <line num="114" count="2" type="stmt"/>
      <line num="117" count="0" type="cond" truecount="0" falsecount="1"/>
      <line num="118" count="0" type="stmt"/>
      <line num="120" count="0" type="stmt"/>
      <line num="124" count="1" type="stmt"/>
      <line num="129" count="20" type="stmt"/>
      <line num="130" count="20" type="stmt"/>
      <line num="131" count="20" type="stmt"/>
      <line num="135" count="0" type="cond" truecount="0" falsecount="1"/>
      <line num="136" count="0" type="stmt"/>
      <line num="138" count="0" type="stmt"/>
      <line num="143" count="1" type="stmt"/>
      <line num="146" count="1" type="stmt"/>
      <line num="150" count="1" type="stmt"/>
      <line num="151" count="1" type="stmt"/>
      <line num="155" count="5" type="stmt"/>
      <line num="156" count="5" type="stmt"/>
    </file>
    <file name="pathOperations.ts" path="C:\Users\lukyn\OneDrive\Dokumenty\skola\bakalarska-praca\implementation\src\pathOperations.ts">
      <metrics statements="253" coveredstatements="149" conditionals="137" coveredconditionals="81" methods="32" coveredmethods="24"/>
      <line num="2" count="1" type="stmt"/>
      <line num="6" count="1" type="stmt"/>
      <line num="7" count="9" type="stmt"/>
      <line num="12" count="1" type="stmt"/>
      <line num="13" count="3" type="cond" truecount="1" falsecount="2"/>
      <line num="14" count="0" type="stmt"/>
      <line num="16" count="3" type="cond" truecount="4" falsecount="1"/>
      <line num="17" count="1" type="cond" truecount="3" falsecount="1"/>
      <line num="19" count="2" type="cond" truecount="3" falsecount="1"/>
      <line num="24" count="1" type="stmt"/>
      <line num="25" count="3" type="cond" truecount="3" falsecount="0"/>
      <line num="26" count="1" type="stmt"/>
      <line num="28" count="2" type="cond" truecount="4" falsecount="1"/>
      <line num="29" count="1" type="cond" truecount="3" falsecount="1"/>
      <line num="31" count="1" type="cond" truecount="3" falsecount="1"/>
      <line num="36" count="4" type="cond" truecount="1" falsecount="0"/>
      <line num="37" count="2" type="stmt"/>
      <line num="39" count="2" type="cond" truecount="1" falsecount="0"/>
      <line num="40" count="2" type="stmt"/>
      <line num="42" count="0" type="cond" truecount="0" falsecount="1"/>
      <line num="43" count="0" type="stmt"/>
      <line num="45" count="0" type="cond" truecount="0" falsecount="2"/>
      <line num="51" count="8" type="cond" truecount="1" falsecount="0"/>
      <line num="52" count="6" type="cond" truecount="1" falsecount="0"/>
      <line num="53" count="2" type="stmt"/>
      <line num="55" count="4" type="stmt"/>
      <line num="58" count="2" type="cond" truecount="0" falsecount="1"/>
      <line num="59" count="0" type="stmt"/>
      <line num="61" count="2" type="cond" truecount="0" falsecount="1"/>
      <line num="62" count="0" type="stmt"/>
      <line num="64" count="2" type="stmt"/>
      <line num="68" count="5" type="cond" truecount="1" falsecount="0"/>
      <line num="69" count="5" type="cond" truecount="3" falsecount="0"/>
      <line num="70" count="1" type="stmt"/>
      <line num="72" count="4" type="stmt"/>
      <line num="74" count="0" type="stmt"/>
      <line num="79" count="1" type="stmt"/>
      <line num="80" count="5" type="cond" truecount="3" falsecount="0"/>
      <line num="81" count="2" type="stmt"/>
      <line num="83" count="3" type="stmt"/>
      <line num="88" count="2" type="cond" truecount="1" falsecount="0"/>
      <line num="89" count="2" type="stmt"/>
      <line num="91" count="0" type="cond" truecount="0" falsecount="1"/>
      <line num="92" count="0" type="stmt"/>
      <line num="94" count="0" type="stmt"/>
      <line num="98" count="6" type="cond" truecount="1" falsecount="0"/>
      <line num="99" count="4" type="cond" truecount="1" falsecount="0"/>
      <line num="100" count="1" type="stmt"/>
      <line num="102" count="3" type="stmt"/>
      <line num="104" count="2" type="cond" truecount="0" falsecount="1"/>
      <line num="105" count="0" type="stmt"/>
      <line num="107" count="2" type="cond" truecount="0" falsecount="1"/>
      <line num="108" count="0" type="stmt"/>
      <line num="110" count="2" type="stmt"/>
      <line num="116" count="1" type="stmt"/>
      <line num="117" count="5" type="cond" truecount="3" falsecount="0"/>
      <line num="118" count="2" type="stmt"/>
      <line num="120" count="3" type="stmt"/>
      <line num="124" count="5" type="cond" truecount="1" falsecount="0"/>
      <line num="125" count="5" type="cond" truecount="3" falsecount="0"/>
      <line num="126" count="2" type="stmt"/>
      <line num="128" count="3" type="stmt"/>
      <line num="130" count="0" type="stmt"/>
      <line num="134" count="12" type="cond" truecount="1" falsecount="0"/>
      <line num="135" count="5" type="stmt"/>
      <line num="137" count="7" type="cond" truecount="1" falsecount="0"/>
      <line num="138" count="2" type="stmt"/>
      <line num="140" count="5" type="stmt"/>
      <line num="145" count="1" type="stmt"/>
      <line num="146" count="7" type="cond" truecount="1" falsecount="0"/>
      <line num="147" count="7" type="stmt"/>
      <line num="149" count="0" type="stmt"/>
      <line num="154" count="2" type="stmt"/>
      <line num="155" count="2" type="cond" truecount="2" falsecount="1"/>
      <line num="156" count="4" type="cond" truecount="3" falsecount="1"/>
      <line num="157" count="0" type="stmt"/>
      <line num="159" count="4" type="cond" truecount="1" falsecount="0"/>
      <line num="160" count="4" type="stmt"/>
      <line num="163" count="4" type="cond" truecount="0" falsecount="1"/>
      <line num="164" count="0" type="stmt"/>
      <line num="167" count="2" type="cond" truecount="0" falsecount="1"/>
      <line num="168" count="0" type="stmt"/>
      <line num="170" count="2" type="stmt"/>
      <line num="175" count="1" type="stmt"/>
      <line num="176" count="2" type="cond" truecount="1" falsecount="0"/>
      <line num="177" count="2" type="stmt"/>
      <line num="179" count="0" type="stmt"/>
      <line num="183" count="0" type="stmt"/>
      <line num="184" count="0" type="cond" truecount="0" falsecount="1"/>
      <line num="185" count="0" type="stmt"/>
      <line num="187" count="0" type="cond" truecount="0" falsecount="1"/>
      <line num="188" count="0" type="stmt"/>
      <line num="192" count="1" type="stmt"/>
      <line num="193" count="1" type="stmt"/>
      <line num="197" count="4" type="stmt"/>
      <line num="198" count="4" type="cond" truecount="1" falsecount="0"/>
      <line num="199" count="2" type="stmt"/>
      <line num="201" count="4" type="cond" truecount="1" falsecount="0"/>
      <line num="202" count="1" type="stmt"/>
      <line num="206" count="1" type="stmt"/>
      <line num="207" count="1" type="cond" truecount="0" falsecount="1"/>
      <line num="208" count="0" type="stmt"/>
      <line num="210" count="1" type="cond" truecount="1" falsecount="0"/>
      <line num="211" count="1" type="stmt"/>
      <line num="213" count="1" type="stmt"/>
      <line num="218" count="0" type="stmt"/>
      <line num="219" count="0" type="cond" truecount="0" falsecount="1"/>
      <line num="220" count="0" type="stmt"/>
      <line num="222" count="0" type="stmt"/>
      <line num="223" count="0" type="stmt"/>
      <line num="224" count="0" type="stmt"/>
      <line num="225" count="0" type="stmt"/>
      <line num="226" count="0" type="stmt"/>
      <line num="227" count="0" type="stmt"/>
      <line num="229" count="0" type="stmt"/>
      <line num="230" count="0" type="stmt"/>
      <line num="231" count="0" type="cond" truecount="0" falsecount="1"/>
      <line num="232" count="0" type="stmt"/>
      <line num="234" count="0" type="stmt"/>
      <line num="238" count="0" type="stmt"/>
      <line num="239" count="0" type="stmt"/>
      <line num="241" count="0" type="cond" truecount="0" falsecount="2"/>
      <line num="242" count="0" type="stmt"/>
      <line num="244" count="0" type="stmt"/>
      <line num="249" count="0" type="stmt"/>
      <line num="250" count="0" type="cond" truecount="0" falsecount="1"/>
      <line num="251" count="0" type="stmt"/>
      <line num="253" count="0" type="stmt"/>
      <line num="254" count="0" type="stmt"/>
      <line num="255" count="0" type="stmt"/>
      <line num="256" count="0" type="stmt"/>
      <line num="257" count="0" type="stmt"/>
      <line num="258" count="0" type="stmt"/>
      <line num="260" count="0" type="stmt"/>
      <line num="261" count="0" type="stmt"/>
      <line num="262" count="0" type="cond" truecount="0" falsecount="1"/>
      <line num="263" count="0" type="stmt"/>
      <line num="265" count="0" type="stmt"/>
      <line num="270" count="0" type="stmt"/>
      <line num="271" count="0" type="stmt"/>
      <line num="273" count="0" type="cond" truecount="0" falsecount="2"/>
      <line num="274" count="0" type="stmt"/>
      <line num="276" count="0" type="stmt"/>
      <line num="281" count="1" type="stmt"/>
      <line num="282" count="0" type="stmt"/>
      <line num="284" count="1" type="stmt"/>
      <line num="287" count="1" type="stmt"/>
      <line num="288" count="1" type="stmt"/>
      <line num="289" count="1" type="stmt"/>
      <line num="290" count="1" type="cond" truecount="1" falsecount="1"/>
      <line num="291" count="1" type="cond" truecount="1" falsecount="1"/>
      <line num="292" count="1" type="stmt"/>
      <line num="293" count="1" type="stmt"/>
      <line num="294" count="1" type="stmt"/>
      <line num="296" count="1" type="cond" truecount="2" falsecount="5"/>
      <line num="297" count="1" type="stmt"/>
      <line num="298" count="1" type="stmt"/>
      <line num="299" count="1" type="stmt"/>
      <line num="300" count="1" type="stmt"/>
      <line num="301" count="1" type="cond" truecount="0" falsecount="1"/>
      <line num="302" count="0" type="stmt"/>
      <line num="304" count="1" type="cond" truecount="1" falsecount="0"/>
      <line num="305" count="1" type="stmt"/>
      <line num="307" count="0" type="cond" truecount="0" falsecount="2"/>
      <line num="308" count="0" type="stmt"/>
      <line num="310" count="0" type="stmt"/>
      <line num="313" count="1" type="stmt"/>
      <line num="314" count="1" type="stmt"/>
      <line num="316" count="1" type="stmt"/>
      <line num="317" count="1" type="stmt"/>
      <line num="321" count="3" type="stmt"/>
      <line num="322" count="3" type="stmt"/>
      <line num="327" count="0" type="stmt"/>
      <line num="328" count="0" type="stmt"/>
      <line num="334" count="3" type="stmt"/>
      <line num="336" count="3" type="stmt"/>
      <line num="337" count="7" type="cond" truecount="2" falsecount="0"/>
      <line num="338" count="2" type="stmt"/>
      <line num="339" count="2" type="cond" truecount="3" falsecount="1"/>
      <line num="340" count="2" type="stmt"/>
      <line num="342" count="0" type="stmt"/>
      <line num="345" count="5" type="stmt"/>
      <line num="346" count="5" type="cond" truecount="4" falsecount="0"/>
      <line num="347" count="2" type="stmt"/>
      <line num="349" count="3" type="stmt"/>
      <line num="352" count="7" type="stmt"/>
      <line num="354" count="3" type="stmt"/>
      <line num="364" count="3" type="stmt"/>
      <line num="365" count="3" type="stmt"/>
      <line num="366" count="3" type="stmt"/>
      <line num="368" count="3" type="cond" truecount="0" falsecount="1"/>
      <line num="369" count="0" type="stmt"/>
      <line num="372" count="3" type="cond" truecount="2" falsecount="0"/>
      <line num="373" count="1" type="stmt"/>
      <line num="374" count="1" type="stmt"/>
      <line num="376" count="2" type="stmt"/>
      <line num="377" count="2" type="stmt"/>
      <line num="380" count="3" type="stmt"/>
      <line num="381" count="3" type="stmt"/>
      <line num="382" count="4" type="cond" truecount="2" falsecount="0"/>
      <line num="383" count="2" type="cond" truecount="1" falsecount="0"/>
      <line num="384" count="1" type="stmt"/>
      <line num="385" count="1" type="stmt"/>
      <line num="387" count="2" type="cond" truecount="1" falsecount="0"/>
      <line num="388" count="2" type="cond" truecount="0" falsecount="1"/>
      <line num="389" count="0" type="stmt"/>
      <line num="390" count="0" type="stmt"/>
      <line num="393" count="4" type="stmt"/>
      <line num="396" count="3" type="stmt"/>
      <line num="400" count="1" type="stmt"/>
      <line num="404" count="3" type="stmt"/>
      <line num="405" count="3" type="stmt"/>
      <line num="406" count="3" type="stmt"/>
      <line num="407" count="3" type="stmt"/>
      <line num="408" count="3" type="cond" truecount="2" falsecount="0"/>
      <line num="409" count="1" type="stmt"/>
      <line num="411" count="2" type="stmt"/>
      <line num="414" count="3" type="cond" truecount="1" falsecount="1"/>
      <line num="415" count="0" type="stmt"/>
      <line num="417" count="3" type="stmt"/>
      <line num="420" count="3" type="stmt"/>
      <line num="425" count="1" type="stmt"/>
      <line num="426" count="0" type="stmt"/>
      <line num="427" count="0" type="stmt"/>
      <line num="428" count="0" type="cond" truecount="0" falsecount="1"/>
      <line num="429" count="0" type="stmt"/>
      <line num="430" count="0" type="cond" truecount="0" falsecount="1"/>
      <line num="431" count="0" type="stmt"/>
      <line num="434" count="0" type="cond" truecount="0" falsecount="1"/>
      <line num="435" count="0" type="stmt"/>
      <line num="436" count="0" type="stmt"/>
      <line num="437" count="0" type="cond" truecount="0" falsecount="1"/>
      <line num="438" count="0" type="stmt"/>
      <line num="439" count="0" type="cond" truecount="0" falsecount="1"/>
      <line num="440" count="0" type="stmt"/>
      <line num="445" count="0" type="stmt"/>
      <line num="447" count="0" type="cond" truecount="0" falsecount="2"/>
      <line num="448" count="0" type="stmt"/>
      <line num="450" count="0" type="stmt"/>
      <line num="454" count="1" type="stmt"/>
      <line num="455" count="0" type="stmt"/>
      <line num="458" count="0" type="cond" truecount="0" falsecount="1"/>
      <line num="459" count="0" type="stmt"/>
      <line num="460" count="0" type="stmt"/>
      <line num="461" count="0" type="stmt"/>
      <line num="462" count="0" type="cond" truecount="0" falsecount="1"/>
      <line num="463" count="0" type="stmt"/>
      <line num="467" count="0" type="cond" truecount="0" falsecount="2"/>
      <line num="468" count="0" type="stmt"/>
      <line num="470" count="0" type="stmt"/>
      <line num="473" count="0" type="stmt"/>
      <line num="474" count="0" type="stmt"/>
      <line num="476" count="0" type="stmt"/>
    </file>
  </project>
</coverage>
