{"C:\\Users\\lukyn\\OneDrive\\Dokumenty\\skola\\bakalarska-praca\\implementation\\src\\classes.ts": {"path":"C:\\Users\\lukyn\\OneDrive\\Dokumenty\\skola\\bakalarska-praca\\implementation\\src\\classes.ts","statementMap":{"0":{"start":{"line":21,"column":4},"end":{"line":21,"column":23}},"1":{"start":{"line":24,"column":4},"end":{"line":24,"column":null}},"2":{"start":{"line":26,"column":4},"end":{"line":26,"column":69}},"3":{"start":{"line":32,"column":8},"end":{"line":32,"column":25}},"4":{"start":{"line":33,"column":8},"end":{"line":33,"column":null}},"5":{"start":{"line":34,"column":8},"end":{"line":34,"column":null}},"6":{"start":{"line":35,"column":8},"end":{"line":35,"column":null}},"7":{"start":{"line":36,"column":8},"end":{"line":36,"column":null}},"8":{"start":{"line":37,"column":8},"end":{"line":37,"column":null}},"9":{"start":{"line":41,"column":8},"end":{"line":41,"column":null}},"10":{"start":{"line":47,"column":8},"end":{"line":47,"column":null}},"11":{"start":{"line":51,"column":8},"end":{"line":51,"column":null}},"12":{"start":{"line":51,"column":52},"end":{"line":51,"column":69}},"13":{"start":{"line":54,"column":8},"end":{"line":54,"column":null}},"14":{"start":{"line":16,"column":0},"end":{"line":16,"column":13}},"15":{"start":{"line":59,"column":4},"end":{"line":59,"column":37}},"16":{"start":{"line":70,"column":4},"end":{"line":70,"column":null}},"17":{"start":{"line":71,"column":4},"end":{"line":71,"column":null}},"18":{"start":{"line":72,"column":4},"end":{"line":72,"column":null}},"19":{"start":{"line":76,"column":4},"end":{"line":76,"column":null}},"20":{"start":{"line":77,"column":4},"end":{"line":77,"column":null}},"21":{"start":{"line":82,"column":8},"end":{"line":82,"column":null}},"22":{"start":{"line":83,"column":8},"end":{"line":83,"column":null}},"23":{"start":{"line":84,"column":8},"end":{"line":84,"column":null}},"24":{"start":{"line":85,"column":8},"end":{"line":85,"column":null}},"25":{"start":{"line":86,"column":8},"end":{"line":86,"column":null}},"26":{"start":{"line":87,"column":8},"end":{"line":87,"column":null}},"27":{"start":{"line":88,"column":8},"end":{"line":88,"column":null}},"28":{"start":{"line":89,"column":8},"end":{"line":89,"column":null}},"29":{"start":{"line":90,"column":8},"end":{"line":90,"column":null}},"30":{"start":{"line":91,"column":8},"end":{"line":91,"column":null}},"31":{"start":{"line":92,"column":8},"end":{"line":92,"column":null}},"32":{"start":{"line":98,"column":8},"end":{"line":98,"column":null}},"33":{"start":{"line":102,"column":26},"end":{"line":102,"column":27}},"34":{"start":{"line":103,"column":8},"end":{"line":106,"column":null}},"35":{"start":{"line":104,"column":12},"end":{"line":104,"column":null}},"36":{"start":{"line":105,"column":12},"end":{"line":105,"column":null}},"37":{"start":{"line":107,"column":8},"end":{"line":107,"column":null}},"38":{"start":{"line":111,"column":8},"end":{"line":111,"column":null}},"39":{"start":{"line":114,"column":8},"end":{"line":114,"column":null}},"40":{"start":{"line":117,"column":8},"end":{"line":119,"column":null}},"41":{"start":{"line":118,"column":12},"end":{"line":118,"column":null}},"42":{"start":{"line":120,"column":8},"end":{"line":120,"column":null}},"43":{"start":{"line":58,"column":0},"end":{"line":58,"column":13}},"44":{"start":{"line":129,"column":8},"end":{"line":129,"column":null}},"45":{"start":{"line":130,"column":8},"end":{"line":130,"column":null}},"46":{"start":{"line":131,"column":8},"end":{"line":131,"column":null}},"47":{"start":{"line":135,"column":8},"end":{"line":137,"column":null}},"48":{"start":{"line":136,"column":12},"end":{"line":136,"column":null}},"49":{"start":{"line":138,"column":8},"end":{"line":138,"column":null}},"50":{"start":{"line":124,"column":0},"end":{"line":124,"column":13}},"51":{"start":{"line":146,"column":4},"end":{"line":146,"column":81}},"52":{"start":{"line":150,"column":8},"end":{"line":150,"column":null}},"53":{"start":{"line":151,"column":8},"end":{"line":151,"column":null}},"54":{"start":{"line":155,"column":8},"end":{"line":155,"column":null}},"55":{"start":{"line":156,"column":8},"end":{"line":156,"column":null}},"56":{"start":{"line":143,"column":0},"end":{"line":143,"column":13}}},"fnMap":{"0":{"name":"(anonymous_0)","decl":{"start":{"line":27,"column":4},"end":{"line":27,"column":null}},"loc":{"start":{"line":30,"column":91},"end":{"line":38,"column":5}}},"1":{"name":"(anonymous_1)","decl":{"start":{"line":40,"column":4},"end":{"line":40,"column":11}},"loc":{"start":{"line":40,"column":11},"end":{"line":42,"column":5}}},"2":{"name":"(anonymous_2)","decl":{"start":{"line":46,"column":4},"end":{"line":46,"column":13}},"loc":{"start":{"line":46,"column":13},"end":{"line":48,"column":5}}},"3":{"name":"(anonymous_3)","decl":{"start":{"line":50,"column":4},"end":{"line":50,"column":21}},"loc":{"start":{"line":50,"column":37},"end":{"line":52,"column":5}}},"4":{"name":"(anonymous_4)","decl":{"start":{"line":51,"column":43},"end":{"line":51,"column":44}},"loc":{"start":{"line":51,"column":49},"end":{"line":51,"column":70}}},"5":{"name":"(anonymous_5)","decl":{"start":{"line":53,"column":4},"end":{"line":53,"column":16}},"loc":{"start":{"line":53,"column":32},"end":{"line":55,"column":5}}},"6":{"name":"(anonymous_6)","decl":{"start":{"line":78,"column":4},"end":{"line":78,"column":null}},"loc":{"start":{"line":81,"column":46},"end":{"line":94,"column":5}}},"7":{"name":"(anonymous_7)","decl":{"start":{"line":97,"column":4},"end":{"line":97,"column":12}},"loc":{"start":{"line":97,"column":29},"end":{"line":99,"column":5}}},"8":{"name":"(anonymous_8)","decl":{"start":{"line":101,"column":4},"end":{"line":101,"column":11}},"loc":{"start":{"line":101,"column":35},"end":{"line":108,"column":5}}},"9":{"name":"(anonymous_9)","decl":{"start":{"line":110,"column":4},"end":{"line":110,"column":11}},"loc":{"start":{"line":110,"column":11},"end":{"line":112,"column":5}}},"10":{"name":"(anonymous_10)","decl":{"start":{"line":113,"column":4},"end":{"line":113,"column":13}},"loc":{"start":{"line":113,"column":13},"end":{"line":115,"column":5}}},"11":{"name":"(anonymous_11)","decl":{"start":{"line":116,"column":4},"end":{"line":116,"column":11}},"loc":{"start":{"line":116,"column":60},"end":{"line":121,"column":5}}},"12":{"name":"(anonymous_12)","decl":{"start":{"line":128,"column":4},"end":{"line":128,"column":16}},"loc":{"start":{"line":128,"column":87},"end":{"line":132,"column":5}}},"13":{"name":"(anonymous_13)","decl":{"start":{"line":134,"column":4},"end":{"line":134,"column":13}},"loc":{"start":{"line":134,"column":13},"end":{"line":139,"column":5}}},"14":{"name":"(anonymous_14)","decl":{"start":{"line":147,"column":4},"end":{"line":147,"column":null}},"loc":{"start":{"line":148,"column":53},"end":{"line":152,"column":5}}},"15":{"name":"(anonymous_15)","decl":{"start":{"line":154,"column":4},"end":{"line":154,"column":13}},"loc":{"start":{"line":154,"column":13},"end":{"line":157,"column":5}}}},"branchMap":{"0":{"loc":{"start":{"line":30,"column":12},"end":{"line":30,"column":40}},"type":"default-arg","locations":[{"start":{"line":30,"column":36},"end":{"line":30,"column":40}}]},"1":{"loc":{"start":{"line":30,"column":42},"end":{"line":30,"column":72}},"type":"default-arg","locations":[{"start":{"line":30,"column":68},"end":{"line":30,"column":72}}]},"2":{"loc":{"start":{"line":79,"column":49},"end":{"line":79,"column":68}},"type":"default-arg","locations":[{"start":{"line":79,"column":64},"end":{"line":79,"column":68}}]},"3":{"loc":{"start":{"line":79,"column":70},"end":{"line":79,"column":85}},"type":"default-arg","locations":[{"start":{"line":79,"column":84},"end":{"line":79,"column":85}}]},"4":{"loc":{"start":{"line":80,"column":8},"end":{"line":80,"column":24}},"type":"default-arg","locations":[{"start":{"line":80,"column":23},"end":{"line":80,"column":24}}]},"5":{"loc":{"start":{"line":80,"column":26},"end":{"line":80,"column":43}},"type":"default-arg","locations":[{"start":{"line":80,"column":39},"end":{"line":80,"column":43}}]},"6":{"loc":{"start":{"line":80,"column":45},"end":{"line":80,"column":62}},"type":"default-arg","locations":[{"start":{"line":80,"column":58},"end":{"line":80,"column":62}}]},"7":{"loc":{"start":{"line":80,"column":64},"end":{"line":80,"column":81}},"type":"default-arg","locations":[{"start":{"line":80,"column":77},"end":{"line":80,"column":81}}]},"8":{"loc":{"start":{"line":81,"column":8},"end":{"line":81,"column":26}},"type":"default-arg","locations":[{"start":{"line":81,"column":22},"end":{"line":81,"column":26}}]},"9":{"loc":{"start":{"line":81,"column":28},"end":{"line":81,"column":46}},"type":"default-arg","locations":[{"start":{"line":81,"column":45},"end":{"line":81,"column":46}}]},"10":{"loc":{"start":{"line":117,"column":8},"end":{"line":119,"column":null}},"type":"if","locations":[{"start":{"line":117,"column":8},"end":{"line":119,"column":null}}]},"11":{"loc":{"start":{"line":135,"column":8},"end":{"line":137,"column":null}},"type":"if","locations":[{"start":{"line":135,"column":8},"end":{"line":137,"column":null}}]}},"s":{"0":56,"1":56,"2":56,"3":56,"4":56,"5":56,"6":56,"7":56,"8":56,"9":2,"10":2,"11":0,"12":0,"13":0,"14":1,"15":50,"16":50,"17":50,"18":50,"19":50,"20":50,"21":50,"22":50,"23":50,"24":50,"25":50,"26":50,"27":50,"28":50,"29":50,"30":50,"31":50,"32":9,"33":9,"34":9,"35":17,"36":17,"37":9,"38":2,"39":2,"40":0,"41":0,"42":0,"43":1,"44":20,"45":20,"46":20,"47":0,"48":0,"49":0,"50":1,"51":1,"52":1,"53":1,"54":5,"55":5,"56":1},"f":{"0":56,"1":2,"2":2,"3":0,"4":0,"5":0,"6":50,"7":9,"8":9,"9":2,"10":2,"11":0,"12":20,"13":0,"14":1,"15":5},"b":{"0":[0],"1":[0],"2":[1],"3":[1],"4":[1],"5":[1],"6":[1],"7":[1],"8":[1],"9":[1],"10":[0],"11":[0]}}
,"C:\\Users\\lukyn\\OneDrive\\Dokumenty\\skola\\bakalarska-praca\\implementation\\src\\pathOperations.ts": {"path":"C:\\Users\\lukyn\\OneDrive\\Dokumenty\\skola\\bakalarska-praca\\implementation\\src\\pathOperations.ts","statementMap":{"0":{"start":{"line":2,"column":0},"end":{"line":2,"column":38}},"1":{"start":{"line":7,"column":4},"end":{"line":7,"column":null}},"2":{"start":{"line":6,"column":0},"end":{"line":6,"column":16}},"3":{"start":{"line":13,"column":4},"end":{"line":15,"column":null}},"4":{"start":{"line":14,"column":8},"end":{"line":14,"column":null}},"5":{"start":{"line":16,"column":4},"end":{"line":18,"column":null}},"6":{"start":{"line":17,"column":8},"end":{"line":17,"column":null}},"7":{"start":{"line":19,"column":4},"end":{"line":19,"column":null}},"8":{"start":{"line":12,"column":0},"end":{"line":12,"column":16}},"9":{"start":{"line":25,"column":4},"end":{"line":27,"column":null}},"10":{"start":{"line":26,"column":8},"end":{"line":26,"column":null}},"11":{"start":{"line":28,"column":4},"end":{"line":30,"column":null}},"12":{"start":{"line":29,"column":8},"end":{"line":29,"column":null}},"13":{"start":{"line":31,"column":4},"end":{"line":31,"column":null}},"14":{"start":{"line":24,"column":0},"end":{"line":24,"column":16}},"15":{"start":{"line":36,"column":4},"end":{"line":38,"column":null}},"16":{"start":{"line":37,"column":8},"end":{"line":37,"column":null}},"17":{"start":{"line":39,"column":4},"end":{"line":41,"column":null}},"18":{"start":{"line":40,"column":8},"end":{"line":40,"column":null}},"19":{"start":{"line":42,"column":4},"end":{"line":44,"column":null}},"20":{"start":{"line":43,"column":8},"end":{"line":43,"column":null}},"21":{"start":{"line":45,"column":4},"end":{"line":45,"column":null}},"22":{"start":{"line":51,"column":4},"end":{"line":56,"column":null}},"23":{"start":{"line":52,"column":8},"end":{"line":54,"column":null}},"24":{"start":{"line":53,"column":12},"end":{"line":53,"column":null}},"25":{"start":{"line":55,"column":8},"end":{"line":55,"column":null}},"26":{"start":{"line":58,"column":4},"end":{"line":60,"column":null}},"27":{"start":{"line":59,"column":8},"end":{"line":59,"column":null}},"28":{"start":{"line":61,"column":4},"end":{"line":63,"column":null}},"29":{"start":{"line":62,"column":8},"end":{"line":62,"column":null}},"30":{"start":{"line":64,"column":4},"end":{"line":64,"column":null}},"31":{"start":{"line":68,"column":4},"end":{"line":73,"column":null}},"32":{"start":{"line":69,"column":8},"end":{"line":71,"column":null}},"33":{"start":{"line":70,"column":12},"end":{"line":70,"column":null}},"34":{"start":{"line":72,"column":8},"end":{"line":72,"column":null}},"35":{"start":{"line":74,"column":4},"end":{"line":74,"column":null}},"36":{"start":{"line":80,"column":4},"end":{"line":82,"column":null}},"37":{"start":{"line":81,"column":8},"end":{"line":81,"column":null}},"38":{"start":{"line":83,"column":4},"end":{"line":83,"column":null}},"39":{"start":{"line":79,"column":0},"end":{"line":79,"column":16}},"40":{"start":{"line":88,"column":4},"end":{"line":90,"column":null}},"41":{"start":{"line":89,"column":8},"end":{"line":89,"column":null}},"42":{"start":{"line":91,"column":4},"end":{"line":93,"column":null}},"43":{"start":{"line":92,"column":8},"end":{"line":92,"column":null}},"44":{"start":{"line":94,"column":4},"end":{"line":94,"column":null}},"45":{"start":{"line":98,"column":4},"end":{"line":103,"column":null}},"46":{"start":{"line":99,"column":8},"end":{"line":101,"column":null}},"47":{"start":{"line":100,"column":12},"end":{"line":100,"column":null}},"48":{"start":{"line":102,"column":8},"end":{"line":102,"column":null}},"49":{"start":{"line":104,"column":4},"end":{"line":106,"column":null}},"50":{"start":{"line":105,"column":8},"end":{"line":105,"column":null}},"51":{"start":{"line":107,"column":4},"end":{"line":109,"column":null}},"52":{"start":{"line":108,"column":8},"end":{"line":108,"column":null}},"53":{"start":{"line":110,"column":4},"end":{"line":110,"column":null}},"54":{"start":{"line":117,"column":4},"end":{"line":119,"column":null}},"55":{"start":{"line":118,"column":8},"end":{"line":118,"column":null}},"56":{"start":{"line":120,"column":4},"end":{"line":120,"column":null}},"57":{"start":{"line":116,"column":0},"end":{"line":116,"column":16}},"58":{"start":{"line":124,"column":4},"end":{"line":129,"column":null}},"59":{"start":{"line":125,"column":8},"end":{"line":127,"column":null}},"60":{"start":{"line":126,"column":12},"end":{"line":126,"column":null}},"61":{"start":{"line":128,"column":8},"end":{"line":128,"column":null}},"62":{"start":{"line":130,"column":4},"end":{"line":130,"column":null}},"63":{"start":{"line":134,"column":4},"end":{"line":136,"column":null}},"64":{"start":{"line":135,"column":8},"end":{"line":135,"column":null}},"65":{"start":{"line":137,"column":4},"end":{"line":139,"column":null}},"66":{"start":{"line":138,"column":8},"end":{"line":138,"column":null}},"67":{"start":{"line":140,"column":4},"end":{"line":140,"column":null}},"68":{"start":{"line":146,"column":4},"end":{"line":148,"column":null}},"69":{"start":{"line":147,"column":8},"end":{"line":147,"column":null}},"70":{"start":{"line":149,"column":4},"end":{"line":149,"column":null}},"71":{"start":{"line":145,"column":0},"end":{"line":145,"column":16}},"72":{"start":{"line":154,"column":4},"end":{"line":154,"column":null}},"73":{"start":{"line":155,"column":4},"end":{"line":166,"column":null}},"74":{"start":{"line":156,"column":8},"end":{"line":162,"column":null}},"75":{"start":{"line":157,"column":12},"end":{"line":157,"column":null}},"76":{"start":{"line":159,"column":12},"end":{"line":161,"column":null}},"77":{"start":{"line":160,"column":16},"end":{"line":160,"column":null}},"78":{"start":{"line":163,"column":8},"end":{"line":165,"column":null}},"79":{"start":{"line":164,"column":12},"end":{"line":164,"column":17}},"80":{"start":{"line":167,"column":4},"end":{"line":169,"column":null}},"81":{"start":{"line":168,"column":8},"end":{"line":168,"column":null}},"82":{"start":{"line":170,"column":4},"end":{"line":170,"column":null}},"83":{"start":{"line":176,"column":4},"end":{"line":178,"column":null}},"84":{"start":{"line":177,"column":8},"end":{"line":177,"column":null}},"85":{"start":{"line":179,"column":4},"end":{"line":179,"column":null}},"86":{"start":{"line":175,"column":0},"end":{"line":175,"column":16}},"87":{"start":{"line":183,"column":4},"end":{"line":183,"column":null}},"88":{"start":{"line":184,"column":4},"end":{"line":186,"column":null}},"89":{"start":{"line":185,"column":8},"end":{"line":185,"column":null}},"90":{"start":{"line":187,"column":4},"end":{"line":189,"column":null}},"91":{"start":{"line":188,"column":8},"end":{"line":188,"column":null}},"92":{"start":{"line":193,"column":4},"end":{"line":193,"column":null}},"93":{"start":{"line":192,"column":0},"end":{"line":192,"column":16}},"94":{"start":{"line":197,"column":4},"end":{"line":197,"column":null}},"95":{"start":{"line":198,"column":4},"end":{"line":200,"column":null}},"96":{"start":{"line":199,"column":8},"end":{"line":199,"column":null}},"97":{"start":{"line":201,"column":4},"end":{"line":203,"column":null}},"98":{"start":{"line":202,"column":8},"end":{"line":202,"column":null}},"99":{"start":{"line":207,"column":4},"end":{"line":209,"column":null}},"100":{"start":{"line":208,"column":8},"end":{"line":208,"column":14}},"101":{"start":{"line":210,"column":4},"end":{"line":212,"column":null}},"102":{"start":{"line":211,"column":8},"end":{"line":211,"column":null}},"103":{"start":{"line":213,"column":4},"end":{"line":213,"column":null}},"104":{"start":{"line":206,"column":0},"end":{"line":206,"column":16}},"105":{"start":{"line":218,"column":22},"end":{"line":218,"column":35}},"106":{"start":{"line":219,"column":4},"end":{"line":221,"column":null}},"107":{"start":{"line":220,"column":8},"end":{"line":220,"column":22}},"108":{"start":{"line":222,"column":26},"end":{"line":222,"column":41}},"109":{"start":{"line":223,"column":4},"end":{"line":223,"column":null}},"110":{"start":{"line":224,"column":4},"end":{"line":224,"column":null}},"111":{"start":{"line":225,"column":4},"end":{"line":225,"column":null}},"112":{"start":{"line":226,"column":4},"end":{"line":226,"column":null}},"113":{"start":{"line":227,"column":4},"end":{"line":227,"column":null}},"114":{"start":{"line":229,"column":4},"end":{"line":229,"column":null}},"115":{"start":{"line":230,"column":4},"end":{"line":230,"column":null}},"116":{"start":{"line":231,"column":4},"end":{"line":233,"column":null}},"117":{"start":{"line":232,"column":8},"end":{"line":232,"column":null}},"118":{"start":{"line":234,"column":4},"end":{"line":234,"column":null}},"119":{"start":{"line":238,"column":31},"end":{"line":238,"column":53}},"120":{"start":{"line":239,"column":32},"end":{"line":239,"column":55}},"121":{"start":{"line":241,"column":4},"end":{"line":243,"column":null}},"122":{"start":{"line":242,"column":8},"end":{"line":242,"column":null}},"123":{"start":{"line":244,"column":4},"end":{"line":244,"column":null}},"124":{"start":{"line":249,"column":22},"end":{"line":249,"column":34}},"125":{"start":{"line":250,"column":4},"end":{"line":252,"column":null}},"126":{"start":{"line":251,"column":8},"end":{"line":251,"column":22}},"127":{"start":{"line":253,"column":25},"end":{"line":253,"column":41}},"128":{"start":{"line":254,"column":4},"end":{"line":254,"column":null}},"129":{"start":{"line":255,"column":4},"end":{"line":255,"column":null}},"130":{"start":{"line":256,"column":4},"end":{"line":256,"column":null}},"131":{"start":{"line":257,"column":4},"end":{"line":257,"column":null}},"132":{"start":{"line":258,"column":4},"end":{"line":258,"column":null}},"133":{"start":{"line":260,"column":4},"end":{"line":260,"column":null}},"134":{"start":{"line":261,"column":4},"end":{"line":261,"column":null}},"135":{"start":{"line":262,"column":4},"end":{"line":264,"column":null}},"136":{"start":{"line":263,"column":8},"end":{"line":263,"column":null}},"137":{"start":{"line":265,"column":4},"end":{"line":265,"column":null}},"138":{"start":{"line":270,"column":31},"end":{"line":270,"column":53}},"139":{"start":{"line":271,"column":32},"end":{"line":271,"column":55}},"140":{"start":{"line":273,"column":4},"end":{"line":275,"column":null}},"141":{"start":{"line":274,"column":8},"end":{"line":274,"column":null}},"142":{"start":{"line":276,"column":4},"end":{"line":276,"column":null}},"143":{"start":{"line":281,"column":4},"end":{"line":283,"column":null}},"144":{"start":{"line":282,"column":8},"end":{"line":282,"column":null}},"145":{"start":{"line":284,"column":4},"end":{"line":284,"column":null}},"146":{"start":{"line":288,"column":21},"end":{"line":288,"column":28}},"147":{"start":{"line":289,"column":21},"end":{"line":289,"column":28}},"148":{"start":{"line":290,"column":16},"end":{"line":290,"column":63}},"149":{"start":{"line":291,"column":16},"end":{"line":291,"column":63}},"150":{"start":{"line":292,"column":23},"end":{"line":292,"column":108}},"151":{"start":{"line":293,"column":4},"end":{"line":293,"column":null}},"152":{"start":{"line":294,"column":4},"end":{"line":294,"column":null}},"153":{"start":{"line":296,"column":4},"end":{"line":311,"column":null}},"154":{"start":{"line":297,"column":8},"end":{"line":297,"column":null}},"155":{"start":{"line":298,"column":8},"end":{"line":298,"column":null}},"156":{"start":{"line":299,"column":8},"end":{"line":299,"column":null}},"157":{"start":{"line":300,"column":8},"end":{"line":300,"column":null}},"158":{"start":{"line":301,"column":8},"end":{"line":303,"column":null}},"159":{"start":{"line":302,"column":12},"end":{"line":302,"column":null}},"160":{"start":{"line":304,"column":8},"end":{"line":306,"column":null}},"161":{"start":{"line":305,"column":12},"end":{"line":305,"column":null}},"162":{"start":{"line":307,"column":11},"end":{"line":311,"column":null}},"163":{"start":{"line":308,"column":8},"end":{"line":308,"column":null}},"164":{"start":{"line":310,"column":8},"end":{"line":310,"column":null}},"165":{"start":{"line":313,"column":4},"end":{"line":313,"column":null}},"166":{"start":{"line":314,"column":4},"end":{"line":314,"column":null}},"167":{"start":{"line":316,"column":26},"end":{"line":316,"column":58}},"168":{"start":{"line":317,"column":4},"end":{"line":317,"column":null}},"169":{"start":{"line":287,"column":0},"end":{"line":287,"column":16}},"170":{"start":{"line":321,"column":4},"end":{"line":321,"column":null}},"171":{"start":{"line":322,"column":4},"end":{"line":322,"column":null}},"172":{"start":{"line":327,"column":4},"end":{"line":327,"column":null}},"173":{"start":{"line":328,"column":4},"end":{"line":328,"column":null}},"174":{"start":{"line":334,"column":13},"end":{"line":334,"column":22}},"175":{"start":{"line":336,"column":4},"end":{"line":353,"column":null}},"176":{"start":{"line":337,"column":8},"end":{"line":351,"column":null}},"177":{"start":{"line":338,"column":12},"end":{"line":338,"column":29}},"178":{"start":{"line":339,"column":12},"end":{"line":343,"column":null}},"179":{"start":{"line":340,"column":16},"end":{"line":340,"column":39}},"180":{"start":{"line":342,"column":16},"end":{"line":342,"column":null}},"181":{"start":{"line":345,"column":12},"end":{"line":345,"column":null}},"182":{"start":{"line":346,"column":12},"end":{"line":350,"column":null}},"183":{"start":{"line":347,"column":16},"end":{"line":347,"column":null}},"184":{"start":{"line":349,"column":16},"end":{"line":349,"column":null}},"185":{"start":{"line":352,"column":8},"end":{"line":352,"column":null}},"186":{"start":{"line":354,"column":4},"end":{"line":354,"column":null}},"187":{"start":{"line":364,"column":44},"end":{"line":364,"column":48}},"188":{"start":{"line":365,"column":44},"end":{"line":365,"column":48}},"189":{"start":{"line":366,"column":25},"end":{"line":366,"column":26}},"190":{"start":{"line":366,"column":45},"end":{"line":366,"column":46}},"191":{"start":{"line":368,"column":4},"end":{"line":370,"column":null}},"192":{"start":{"line":369,"column":8},"end":{"line":369,"column":null}},"193":{"start":{"line":372,"column":4},"end":{"line":378,"column":null}},"194":{"start":{"line":373,"column":8},"end":{"line":373,"column":null}},"195":{"start":{"line":374,"column":8},"end":{"line":374,"column":null}},"196":{"start":{"line":376,"column":8},"end":{"line":376,"column":null}},"197":{"start":{"line":377,"column":8},"end":{"line":377,"column":null}},"198":{"start":{"line":380,"column":48},"end":{"line":380,"column":62}},"199":{"start":{"line":381,"column":4},"end":{"line":394,"column":null}},"200":{"start":{"line":382,"column":8},"end":{"line":392,"column":null}},"201":{"start":{"line":383,"column":12},"end":{"line":386,"column":null}},"202":{"start":{"line":384,"column":16},"end":{"line":384,"column":null}},"203":{"start":{"line":385,"column":16},"end":{"line":385,"column":null}},"204":{"start":{"line":387,"column":15},"end":{"line":392,"column":null}},"205":{"start":{"line":388,"column":12},"end":{"line":391,"column":null}},"206":{"start":{"line":389,"column":16},"end":{"line":389,"column":null}},"207":{"start":{"line":390,"column":16},"end":{"line":390,"column":null}},"208":{"start":{"line":393,"column":8},"end":{"line":393,"column":null}},"209":{"start":{"line":396,"column":4},"end":{"line":396,"column":null}},"210":{"start":{"line":404,"column":16},"end":{"line":404,"column":53}},"211":{"start":{"line":405,"column":4},"end":{"line":405,"column":64}},"212":{"start":{"line":406,"column":4},"end":{"line":406,"column":60}},"213":{"start":{"line":407,"column":4},"end":{"line":407,"column":null}},"214":{"start":{"line":408,"column":4},"end":{"line":412,"column":null}},"215":{"start":{"line":409,"column":8},"end":{"line":409,"column":null}},"216":{"start":{"line":411,"column":23},"end":{"line":411,"column":125}},"217":{"start":{"line":414,"column":4},"end":{"line":418,"column":null}},"218":{"start":{"line":415,"column":8},"end":{"line":415,"column":null}},"219":{"start":{"line":417,"column":24},"end":{"line":417,"column":126}},"220":{"start":{"line":420,"column":4},"end":{"line":420,"column":null}},"221":{"start":{"line":400,"column":0},"end":{"line":400,"column":16}},"222":{"start":{"line":426,"column":12},"end":{"line":426,"column":27}},"223":{"start":{"line":427,"column":31},"end":{"line":427,"column":76}},"224":{"start":{"line":428,"column":4},"end":{"line":433,"column":null}},"225":{"start":{"line":429,"column":8},"end":{"line":429,"column":null}},"226":{"start":{"line":430,"column":8},"end":{"line":432,"column":null}},"227":{"start":{"line":431,"column":12},"end":{"line":431,"column":null}},"228":{"start":{"line":434,"column":4},"end":{"line":443,"column":null}},"229":{"start":{"line":435,"column":8},"end":{"line":435,"column":null}},"230":{"start":{"line":436,"column":8},"end":{"line":436,"column":null}},"231":{"start":{"line":437,"column":8},"end":{"line":442,"column":null}},"232":{"start":{"line":438,"column":12},"end":{"line":438,"column":null}},"233":{"start":{"line":439,"column":12},"end":{"line":441,"column":null}},"234":{"start":{"line":440,"column":16},"end":{"line":440,"column":null}},"235":{"start":{"line":445,"column":4},"end":{"line":445,"column":null}},"236":{"start":{"line":447,"column":4},"end":{"line":451,"column":null}},"237":{"start":{"line":448,"column":8},"end":{"line":448,"column":null}},"238":{"start":{"line":450,"column":8},"end":{"line":450,"column":null}},"239":{"start":{"line":425,"column":0},"end":{"line":425,"column":16}},"240":{"start":{"line":455,"column":31},"end":{"line":455,"column":76}},"241":{"start":{"line":458,"column":4},"end":{"line":465,"column":null}},"242":{"start":{"line":459,"column":8},"end":{"line":459,"column":null}},"243":{"start":{"line":460,"column":8},"end":{"line":460,"column":null}},"244":{"start":{"line":461,"column":8},"end":{"line":461,"column":null}},"245":{"start":{"line":462,"column":8},"end":{"line":464,"column":null}},"246":{"start":{"line":463,"column":12},"end":{"line":463,"column":null}},"247":{"start":{"line":467,"column":4},"end":{"line":471,"column":null}},"248":{"start":{"line":468,"column":8},"end":{"line":468,"column":null}},"249":{"start":{"line":470,"column":8},"end":{"line":470,"column":null}},"250":{"start":{"line":473,"column":4},"end":{"line":475,"column":null}},"251":{"start":{"line":474,"column":8},"end":{"line":474,"column":null}},"252":{"start":{"line":476,"column":4},"end":{"line":476,"column":null}},"253":{"start":{"line":454,"column":0},"end":{"line":454,"column":16}}},"fnMap":{"0":{"name":"path","decl":{"start":{"line":6,"column":16},"end":{"line":6,"column":20}},"loc":{"start":{"line":6,"column":51},"end":{"line":8,"column":1}}},"1":{"name":"head","decl":{"start":{"line":12,"column":16},"end":{"line":12,"column":20}},"loc":{"start":{"line":12,"column":38},"end":{"line":20,"column":1}}},"2":{"name":"tail","decl":{"start":{"line":24,"column":16},"end":{"line":24,"column":20}},"loc":{"start":{"line":24,"column":38},"end":{"line":33,"column":1}}},"3":{"name":"goingRightDown","decl":{"start":{"line":35,"column":9},"end":{"line":35,"column":23}},"loc":{"start":{"line":35,"column":79},"end":{"line":46,"column":1}}},"4":{"name":"goingUPleft","decl":{"start":{"line":49,"column":9},"end":{"line":49,"column":20}},"loc":{"start":{"line":49,"column":70},"end":{"line":65,"column":1}}},"5":{"name":"beforeSearch","decl":{"start":{"line":67,"column":9},"end":{"line":67,"column":21}},"loc":{"start":{"line":67,"column":52},"end":{"line":75,"column":1}}},"6":{"name":"before","decl":{"start":{"line":79,"column":16},"end":{"line":79,"column":22}},"loc":{"start":{"line":79,"column":53},"end":{"line":84,"column":1}}},"7":{"name":"goingLeftDown","decl":{"start":{"line":87,"column":9},"end":{"line":87,"column":22}},"loc":{"start":{"line":87,"column":53},"end":{"line":95,"column":1}}},"8":{"name":"goingUpRight","decl":{"start":{"line":97,"column":9},"end":{"line":97,"column":21}},"loc":{"start":{"line":97,"column":71},"end":{"line":111,"column":1}}},"9":{"name":"after","decl":{"start":{"line":116,"column":16},"end":{"line":116,"column":21}},"loc":{"start":{"line":116,"column":52},"end":{"line":121,"column":1}}},"10":{"name":"afterSearch","decl":{"start":{"line":123,"column":9},"end":{"line":123,"column":20}},"loc":{"start":{"line":123,"column":51},"end":{"line":131,"column":1}}},"11":{"name":"pcostInside","decl":{"start":{"line":133,"column":9},"end":{"line":133,"column":20}},"loc":{"start":{"line":133,"column":70},"end":{"line":141,"column":1}}},"12":{"name":"pcost","decl":{"start":{"line":145,"column":16},"end":{"line":145,"column":21}},"loc":{"start":{"line":145,"column":52},"end":{"line":150,"column":1}}},"13":{"name":"pmincostInside","decl":{"start":{"line":152,"column":9},"end":{"line":152,"column":23}},"loc":{"start":{"line":152,"column":54},"end":{"line":172,"column":1}}},"14":{"name":"pmincost","decl":{"start":{"line":175,"column":16},"end":{"line":175,"column":24}},"loc":{"start":{"line":175,"column":42},"end":{"line":180,"column":1}}},"15":{"name":"pupdateVertex","decl":{"start":{"line":182,"column":9},"end":{"line":182,"column":22}},"loc":{"start":{"line":182,"column":64},"end":{"line":190,"column":1}}},"16":{"name":"pupdate","decl":{"start":{"line":192,"column":16},"end":{"line":192,"column":23}},"loc":{"start":{"line":192,"column":52},"end":{"line":194,"column":1}}},"17":{"name":"reverseInside","decl":{"start":{"line":196,"column":9},"end":{"line":196,"column":22}},"loc":{"start":{"line":196,"column":53},"end":{"line":204,"column":1}}},"18":{"name":"reverse","decl":{"start":{"line":206,"column":16},"end":{"line":206,"column":23}},"loc":{"start":{"line":206,"column":41},"end":{"line":214,"column":1}}},"19":{"name":"leftrotation","decl":{"start":{"line":217,"column":9},"end":{"line":217,"column":21}},"loc":{"start":{"line":217,"column":90},"end":{"line":235,"column":1}}},"20":{"name":"leftRebalancing","decl":{"start":{"line":237,"column":9},"end":{"line":237,"column":24}},"loc":{"start":{"line":237,"column":55},"end":{"line":245,"column":1}}},"21":{"name":"rightrotation","decl":{"start":{"line":248,"column":9},"end":{"line":248,"column":22}},"loc":{"start":{"line":248,"column":91},"end":{"line":266,"column":1}}},"22":{"name":"rightRebalancing","decl":{"start":{"line":269,"column":9},"end":{"line":269,"column":25}},"loc":{"start":{"line":269,"column":56},"end":{"line":277,"column":1}}},"23":{"name":"getRootVirtualTree","decl":{"start":{"line":280,"column":9},"end":{"line":280,"column":27}},"loc":{"start":{"line":280,"column":58},"end":{"line":285,"column":1}}},"24":{"name":"concatenate","decl":{"start":{"line":287,"column":16},"end":{"line":287,"column":27}},"loc":{"start":{"line":287,"column":102},"end":{"line":318,"column":1}}},"25":{"name":"rightJoin","decl":{"start":{"line":320,"column":9},"end":{"line":320,"column":18}},"loc":{"start":{"line":320,"column":107},"end":{"line":323,"column":1}}},"26":{"name":"leftJoin","decl":{"start":{"line":326,"column":9},"end":{"line":326,"column":17}},"loc":{"start":{"line":326,"column":106},"end":{"line":329,"column":1}}},"27":{"name":"splitPath","decl":{"start":{"line":331,"column":9},"end":{"line":331,"column":18}},"loc":{"start":{"line":331,"column":114},"end":{"line":355,"column":1}}},"28":{"name":"edgesConnectedWithVertex","decl":{"start":{"line":363,"column":9},"end":{"line":363,"column":33}},"loc":{"start":{"line":363,"column":64},"end":{"line":397,"column":1}}},"29":{"name":"split","decl":{"start":{"line":400,"column":16},"end":{"line":400,"column":21}},"loc":{"start":{"line":400,"column":127},"end":{"line":422,"column":1}}},"30":{"name":"splice","decl":{"start":{"line":425,"column":16},"end":{"line":425,"column":22}},"loc":{"start":{"line":425,"column":115},"end":{"line":452,"column":1}}},"31":{"name":"expose","decl":{"start":{"line":454,"column":16},"end":{"line":454,"column":22}},"loc":{"start":{"line":454,"column":123},"end":{"line":477,"column":1}}}},"branchMap":{"0":{"loc":{"start":{"line":13,"column":4},"end":{"line":15,"column":null}},"type":"if","locations":[{"start":{"line":13,"column":4},"end":{"line":15,"column":null}}]},"1":{"loc":{"start":{"line":13,"column":8},"end":{"line":13,"column":48}},"type":"binary-expr","locations":[{"start":{"line":13,"column":8},"end":{"line":13,"column":26}},{"start":{"line":13,"column":30},"end":{"line":13,"column":48}}]},"2":{"loc":{"start":{"line":16,"column":4},"end":{"line":18,"column":null}},"type":"if","locations":[{"start":{"line":16,"column":4},"end":{"line":18,"column":null}}]},"3":{"loc":{"start":{"line":16,"column":8},"end":{"line":16,"column":28}},"type":"cond-expr","locations":[{"start":{"line":16,"column":18},"end":{"line":16,"column":20}},{"start":{"line":16,"column":18},"end":{"line":16,"column":28}}]},"4":{"loc":{"start":{"line":16,"column":8},"end":{"line":16,"column":20}},"type":"binary-expr","locations":[{"start":{"line":16,"column":8},"end":{"line":16,"column":20}},{"start":{"line":16,"column":18},"end":{"line":16,"column":20}}]},"5":{"loc":{"start":{"line":17,"column":15},"end":{"line":17,"column":32}},"type":"cond-expr","locations":[{"start":{"line":17,"column":25},"end":{"line":17,"column":27}},{"start":{"line":17,"column":25},"end":{"line":17,"column":32}}]},"6":{"loc":{"start":{"line":17,"column":15},"end":{"line":17,"column":27}},"type":"binary-expr","locations":[{"start":{"line":17,"column":15},"end":{"line":17,"column":27}},{"start":{"line":17,"column":25},"end":{"line":17,"column":27}}]},"7":{"loc":{"start":{"line":19,"column":11},"end":{"line":19,"column":28}},"type":"cond-expr","locations":[{"start":{"line":19,"column":21},"end":{"line":19,"column":23}},{"start":{"line":19,"column":21},"end":{"line":19,"column":28}}]},"8":{"loc":{"start":{"line":19,"column":11},"end":{"line":19,"column":23}},"type":"binary-expr","locations":[{"start":{"line":19,"column":11},"end":{"line":19,"column":23}},{"start":{"line":19,"column":21},"end":{"line":19,"column":23}}]},"9":{"loc":{"start":{"line":25,"column":4},"end":{"line":27,"column":null}},"type":"if","locations":[{"start":{"line":25,"column":4},"end":{"line":27,"column":null}}]},"10":{"loc":{"start":{"line":25,"column":8},"end":{"line":25,"column":48}},"type":"binary-expr","locations":[{"start":{"line":25,"column":8},"end":{"line":25,"column":26}},{"start":{"line":25,"column":30},"end":{"line":25,"column":48}}]},"11":{"loc":{"start":{"line":28,"column":4},"end":{"line":30,"column":null}},"type":"if","locations":[{"start":{"line":28,"column":4},"end":{"line":30,"column":null}}]},"12":{"loc":{"start":{"line":28,"column":8},"end":{"line":28,"column":28}},"type":"cond-expr","locations":[{"start":{"line":28,"column":18},"end":{"line":28,"column":20}},{"start":{"line":28,"column":18},"end":{"line":28,"column":28}}]},"13":{"loc":{"start":{"line":28,"column":8},"end":{"line":28,"column":20}},"type":"binary-expr","locations":[{"start":{"line":28,"column":8},"end":{"line":28,"column":20}},{"start":{"line":28,"column":18},"end":{"line":28,"column":20}}]},"14":{"loc":{"start":{"line":29,"column":15},"end":{"line":29,"column":32}},"type":"cond-expr","locations":[{"start":{"line":29,"column":25},"end":{"line":29,"column":27}},{"start":{"line":29,"column":25},"end":{"line":29,"column":32}}]},"15":{"loc":{"start":{"line":29,"column":15},"end":{"line":29,"column":27}},"type":"binary-expr","locations":[{"start":{"line":29,"column":15},"end":{"line":29,"column":27}},{"start":{"line":29,"column":25},"end":{"line":29,"column":27}}]},"16":{"loc":{"start":{"line":31,"column":11},"end":{"line":31,"column":28}},"type":"cond-expr","locations":[{"start":{"line":31,"column":21},"end":{"line":31,"column":23}},{"start":{"line":31,"column":21},"end":{"line":31,"column":28}}]},"17":{"loc":{"start":{"line":31,"column":11},"end":{"line":31,"column":23}},"type":"binary-expr","locations":[{"start":{"line":31,"column":11},"end":{"line":31,"column":23}},{"start":{"line":31,"column":21},"end":{"line":31,"column":23}}]},"18":{"loc":{"start":{"line":36,"column":4},"end":{"line":38,"column":null}},"type":"if","locations":[{"start":{"line":36,"column":4},"end":{"line":38,"column":null}}]},"19":{"loc":{"start":{"line":39,"column":4},"end":{"line":41,"column":null}},"type":"if","locations":[{"start":{"line":39,"column":4},"end":{"line":41,"column":null}}]},"20":{"loc":{"start":{"line":42,"column":4},"end":{"line":44,"column":null}},"type":"if","locations":[{"start":{"line":42,"column":4},"end":{"line":44,"column":null}}]},"21":{"loc":{"start":{"line":45,"column":11},"end":{"line":45,"column":79}},"type":"cond-expr","locations":[{"start":{"line":45,"column":60},"end":{"line":45,"column":72}},{"start":{"line":45,"column":75},"end":{"line":45,"column":79}}]},"22":{"loc":{"start":{"line":51,"column":4},"end":{"line":56,"column":null}},"type":"if","locations":[{"start":{"line":51,"column":4},"end":{"line":56,"column":null}}]},"23":{"loc":{"start":{"line":52,"column":8},"end":{"line":54,"column":null}},"type":"if","locations":[{"start":{"line":52,"column":8},"end":{"line":54,"column":null}}]},"24":{"loc":{"start":{"line":58,"column":4},"end":{"line":60,"column":null}},"type":"if","locations":[{"start":{"line":58,"column":4},"end":{"line":60,"column":null}}]},"25":{"loc":{"start":{"line":61,"column":4},"end":{"line":63,"column":null}},"type":"if","locations":[{"start":{"line":61,"column":4},"end":{"line":63,"column":null}}]},"26":{"loc":{"start":{"line":68,"column":4},"end":{"line":73,"column":null}},"type":"if","locations":[{"start":{"line":68,"column":4},"end":{"line":73,"column":null}}]},"27":{"loc":{"start":{"line":69,"column":8},"end":{"line":71,"column":null}},"type":"if","locations":[{"start":{"line":69,"column":8},"end":{"line":71,"column":null}}]},"28":{"loc":{"start":{"line":69,"column":12},"end":{"line":69,"column":100}},"type":"binary-expr","locations":[{"start":{"line":69,"column":12},"end":{"line":69,"column":66}},{"start":{"line":69,"column":70},"end":{"line":69,"column":100}}]},"29":{"loc":{"start":{"line":80,"column":4},"end":{"line":82,"column":null}},"type":"if","locations":[{"start":{"line":80,"column":4},"end":{"line":82,"column":null}}]},"30":{"loc":{"start":{"line":80,"column":8},"end":{"line":80,"column":58}},"type":"binary-expr","locations":[{"start":{"line":80,"column":8},"end":{"line":80,"column":30}},{"start":{"line":80,"column":34},"end":{"line":80,"column":58}}]},"31":{"loc":{"start":{"line":88,"column":4},"end":{"line":90,"column":null}},"type":"if","locations":[{"start":{"line":88,"column":4},"end":{"line":90,"column":null}}]},"32":{"loc":{"start":{"line":91,"column":4},"end":{"line":93,"column":null}},"type":"if","locations":[{"start":{"line":91,"column":4},"end":{"line":93,"column":null}}]},"33":{"loc":{"start":{"line":98,"column":4},"end":{"line":103,"column":null}},"type":"if","locations":[{"start":{"line":98,"column":4},"end":{"line":103,"column":null}}]},"34":{"loc":{"start":{"line":99,"column":8},"end":{"line":101,"column":null}},"type":"if","locations":[{"start":{"line":99,"column":8},"end":{"line":101,"column":null}}]},"35":{"loc":{"start":{"line":104,"column":4},"end":{"line":106,"column":null}},"type":"if","locations":[{"start":{"line":104,"column":4},"end":{"line":106,"column":null}}]},"36":{"loc":{"start":{"line":107,"column":4},"end":{"line":109,"column":null}},"type":"if","locations":[{"start":{"line":107,"column":4},"end":{"line":109,"column":null}}]},"37":{"loc":{"start":{"line":117,"column":4},"end":{"line":119,"column":null}},"type":"if","locations":[{"start":{"line":117,"column":4},"end":{"line":119,"column":null}}]},"38":{"loc":{"start":{"line":117,"column":8},"end":{"line":117,"column":58}},"type":"binary-expr","locations":[{"start":{"line":117,"column":8},"end":{"line":117,"column":30}},{"start":{"line":117,"column":34},"end":{"line":117,"column":58}}]},"39":{"loc":{"start":{"line":124,"column":4},"end":{"line":129,"column":null}},"type":"if","locations":[{"start":{"line":124,"column":4},"end":{"line":129,"column":null}}]},"40":{"loc":{"start":{"line":125,"column":8},"end":{"line":127,"column":null}},"type":"if","locations":[{"start":{"line":125,"column":8},"end":{"line":127,"column":null}}]},"41":{"loc":{"start":{"line":125,"column":12},"end":{"line":125,"column":102}},"type":"binary-expr","locations":[{"start":{"line":125,"column":12},"end":{"line":125,"column":67}},{"start":{"line":125,"column":71},"end":{"line":125,"column":102}}]},"42":{"loc":{"start":{"line":134,"column":4},"end":{"line":136,"column":null}},"type":"if","locations":[{"start":{"line":134,"column":4},"end":{"line":136,"column":null}}]},"43":{"loc":{"start":{"line":137,"column":4},"end":{"line":139,"column":null}},"type":"if","locations":[{"start":{"line":137,"column":4},"end":{"line":139,"column":null}}]},"44":{"loc":{"start":{"line":146,"column":4},"end":{"line":148,"column":null}},"type":"if","locations":[{"start":{"line":146,"column":4},"end":{"line":148,"column":null}}]},"45":{"loc":{"start":{"line":155,"column":13},"end":{"line":155,"column":98}},"type":"binary-expr","locations":[{"start":{"line":155,"column":13},"end":{"line":155,"column":27}},{"start":{"line":155,"column":32},"end":{"line":155,"column":74}},{"start":{"line":155,"column":78},"end":{"line":155,"column":97}}]},"46":{"loc":{"start":{"line":156,"column":8},"end":{"line":162,"column":null}},"type":"if","locations":[{"start":{"line":156,"column":8},"end":{"line":162,"column":null}},{"start":{"line":158,"column":15},"end":{"line":162,"column":null}}]},"47":{"loc":{"start":{"line":156,"column":12},"end":{"line":156,"column":72}},"type":"binary-expr","locations":[{"start":{"line":156,"column":12},"end":{"line":156,"column":54}},{"start":{"line":156,"column":58},"end":{"line":156,"column":72}}]},"48":{"loc":{"start":{"line":159,"column":12},"end":{"line":161,"column":null}},"type":"if","locations":[{"start":{"line":159,"column":12},"end":{"line":161,"column":null}}]},"49":{"loc":{"start":{"line":163,"column":8},"end":{"line":165,"column":null}},"type":"if","locations":[{"start":{"line":163,"column":8},"end":{"line":165,"column":null}}]},"50":{"loc":{"start":{"line":167,"column":4},"end":{"line":169,"column":null}},"type":"if","locations":[{"start":{"line":167,"column":4},"end":{"line":169,"column":null}}]},"51":{"loc":{"start":{"line":176,"column":4},"end":{"line":178,"column":null}},"type":"if","locations":[{"start":{"line":176,"column":4},"end":{"line":178,"column":null}}]},"52":{"loc":{"start":{"line":184,"column":4},"end":{"line":186,"column":null}},"type":"if","locations":[{"start":{"line":184,"column":4},"end":{"line":186,"column":null}}]},"53":{"loc":{"start":{"line":187,"column":4},"end":{"line":189,"column":null}},"type":"if","locations":[{"start":{"line":187,"column":4},"end":{"line":189,"column":null}}]},"54":{"loc":{"start":{"line":198,"column":4},"end":{"line":200,"column":null}},"type":"if","locations":[{"start":{"line":198,"column":4},"end":{"line":200,"column":null}}]},"55":{"loc":{"start":{"line":201,"column":4},"end":{"line":203,"column":null}},"type":"if","locations":[{"start":{"line":201,"column":4},"end":{"line":203,"column":null}}]},"56":{"loc":{"start":{"line":207,"column":4},"end":{"line":209,"column":null}},"type":"if","locations":[{"start":{"line":207,"column":4},"end":{"line":209,"column":null}}]},"57":{"loc":{"start":{"line":210,"column":4},"end":{"line":212,"column":null}},"type":"if","locations":[{"start":{"line":210,"column":4},"end":{"line":212,"column":null}}]},"58":{"loc":{"start":{"line":219,"column":4},"end":{"line":221,"column":null}},"type":"if","locations":[{"start":{"line":219,"column":4},"end":{"line":221,"column":null}}]},"59":{"loc":{"start":{"line":231,"column":4},"end":{"line":233,"column":null}},"type":"if","locations":[{"start":{"line":231,"column":4},"end":{"line":233,"column":null}}]},"60":{"loc":{"start":{"line":241,"column":11},"end":{"line":241,"column":103}},"type":"binary-expr","locations":[{"start":{"line":241,"column":11},"end":{"line":241,"column":53}},{"start":{"line":241,"column":57},"end":{"line":241,"column":103}}]},"61":{"loc":{"start":{"line":250,"column":4},"end":{"line":252,"column":null}},"type":"if","locations":[{"start":{"line":250,"column":4},"end":{"line":252,"column":null}}]},"62":{"loc":{"start":{"line":262,"column":4},"end":{"line":264,"column":null}},"type":"if","locations":[{"start":{"line":262,"column":4},"end":{"line":264,"column":null}}]},"63":{"loc":{"start":{"line":273,"column":11},"end":{"line":273,"column":104}},"type":"binary-expr","locations":[{"start":{"line":273,"column":11},"end":{"line":273,"column":53}},{"start":{"line":273,"column":57},"end":{"line":273,"column":104}}]},"64":{"loc":{"start":{"line":290,"column":16},"end":{"line":290,"column":63}},"type":"cond-expr","locations":[{"start":{"line":290,"column":37},"end":{"line":290,"column":47}},{"start":{"line":290,"column":50},"end":{"line":290,"column":63}}]},"65":{"loc":{"start":{"line":291,"column":16},"end":{"line":291,"column":63}},"type":"cond-expr","locations":[{"start":{"line":291,"column":37},"end":{"line":291,"column":47}},{"start":{"line":291,"column":50},"end":{"line":291,"column":63}}]},"66":{"loc":{"start":{"line":296,"column":4},"end":{"line":311,"column":null}},"type":"if","locations":[{"start":{"line":296,"column":4},"end":{"line":311,"column":null}},{"start":{"line":307,"column":11},"end":{"line":311,"column":null}}]},"67":{"loc":{"start":{"line":296,"column":8},"end":{"line":296,"column":164}},"type":"binary-expr","locations":[{"start":{"line":296,"column":8},"end":{"line":296,"column":42}},{"start":{"line":296,"column":47},"end":{"line":296,"column":80}},{"start":{"line":296,"column":84},"end":{"line":296,"column":102}},{"start":{"line":296,"column":108},"end":{"line":296,"column":141}},{"start":{"line":296,"column":145},"end":{"line":296,"column":163}}]},"68":{"loc":{"start":{"line":301,"column":8},"end":{"line":303,"column":null}},"type":"if","locations":[{"start":{"line":301,"column":8},"end":{"line":303,"column":null}}]},"69":{"loc":{"start":{"line":304,"column":8},"end":{"line":306,"column":null}},"type":"if","locations":[{"start":{"line":304,"column":8},"end":{"line":306,"column":null}}]},"70":{"loc":{"start":{"line":307,"column":11},"end":{"line":311,"column":null}},"type":"if","locations":[{"start":{"line":307,"column":11},"end":{"line":311,"column":null}},{"start":{"line":309,"column":11},"end":{"line":311,"column":null}}]},"71":{"loc":{"start":{"line":337,"column":8},"end":{"line":351,"column":null}},"type":"if","locations":[{"start":{"line":337,"column":8},"end":{"line":351,"column":null}},{"start":{"line":344,"column":15},"end":{"line":351,"column":null}}]},"72":{"loc":{"start":{"line":339,"column":12},"end":{"line":343,"column":null}},"type":"if","locations":[{"start":{"line":339,"column":12},"end":{"line":343,"column":null}},{"start":{"line":341,"column":19},"end":{"line":343,"column":null}}]},"73":{"loc":{"start":{"line":339,"column":16},"end":{"line":339,"column":36}},"type":"binary-expr","locations":[{"start":{"line":339,"column":16},"end":{"line":339,"column":24}},{"start":{"line":339,"column":28},"end":{"line":339,"column":36}}]},"74":{"loc":{"start":{"line":346,"column":12},"end":{"line":350,"column":null}},"type":"if","locations":[{"start":{"line":346,"column":12},"end":{"line":350,"column":null}},{"start":{"line":348,"column":19},"end":{"line":350,"column":null}}]},"75":{"loc":{"start":{"line":346,"column":16},"end":{"line":346,"column":36}},"type":"binary-expr","locations":[{"start":{"line":346,"column":16},"end":{"line":346,"column":24}},{"start":{"line":346,"column":28},"end":{"line":346,"column":36}}]},"76":{"loc":{"start":{"line":368,"column":4},"end":{"line":370,"column":null}},"type":"if","locations":[{"start":{"line":368,"column":4},"end":{"line":370,"column":null}}]},"77":{"loc":{"start":{"line":372,"column":4},"end":{"line":378,"column":null}},"type":"if","locations":[{"start":{"line":372,"column":4},"end":{"line":378,"column":null}},{"start":{"line":375,"column":11},"end":{"line":378,"column":null}}]},"78":{"loc":{"start":{"line":382,"column":8},"end":{"line":392,"column":null}},"type":"if","locations":[{"start":{"line":382,"column":8},"end":{"line":392,"column":null}},{"start":{"line":387,"column":15},"end":{"line":392,"column":null}}]},"79":{"loc":{"start":{"line":383,"column":12},"end":{"line":386,"column":null}},"type":"if","locations":[{"start":{"line":383,"column":12},"end":{"line":386,"column":null}}]},"80":{"loc":{"start":{"line":387,"column":15},"end":{"line":392,"column":null}},"type":"if","locations":[{"start":{"line":387,"column":15},"end":{"line":392,"column":null}}]},"81":{"loc":{"start":{"line":388,"column":12},"end":{"line":391,"column":null}},"type":"if","locations":[{"start":{"line":388,"column":12},"end":{"line":391,"column":null}}]},"82":{"loc":{"start":{"line":408,"column":4},"end":{"line":412,"column":null}},"type":"if","locations":[{"start":{"line":408,"column":4},"end":{"line":412,"column":null}},{"start":{"line":410,"column":11},"end":{"line":412,"column":null}}]},"83":{"loc":{"start":{"line":414,"column":4},"end":{"line":418,"column":null}},"type":"if","locations":[{"start":{"line":414,"column":4},"end":{"line":418,"column":null}},{"start":{"line":416,"column":11},"end":{"line":418,"column":null}}]},"84":{"loc":{"start":{"line":428,"column":4},"end":{"line":433,"column":null}},"type":"if","locations":[{"start":{"line":428,"column":4},"end":{"line":433,"column":null}}]},"85":{"loc":{"start":{"line":430,"column":8},"end":{"line":432,"column":null}},"type":"if","locations":[{"start":{"line":430,"column":8},"end":{"line":432,"column":null}}]},"86":{"loc":{"start":{"line":434,"column":4},"end":{"line":443,"column":null}},"type":"if","locations":[{"start":{"line":434,"column":4},"end":{"line":443,"column":null}}]},"87":{"loc":{"start":{"line":437,"column":8},"end":{"line":442,"column":null}},"type":"if","locations":[{"start":{"line":437,"column":8},"end":{"line":442,"column":null}}]},"88":{"loc":{"start":{"line":439,"column":12},"end":{"line":441,"column":null}},"type":"if","locations":[{"start":{"line":439,"column":12},"end":{"line":441,"column":null}}]},"89":{"loc":{"start":{"line":447,"column":4},"end":{"line":451,"column":null}},"type":"if","locations":[{"start":{"line":447,"column":4},"end":{"line":451,"column":null}},{"start":{"line":449,"column":11},"end":{"line":451,"column":null}}]},"90":{"loc":{"start":{"line":458,"column":4},"end":{"line":465,"column":null}},"type":"if","locations":[{"start":{"line":458,"column":4},"end":{"line":465,"column":null}}]},"91":{"loc":{"start":{"line":462,"column":8},"end":{"line":464,"column":null}},"type":"if","locations":[{"start":{"line":462,"column":8},"end":{"line":464,"column":null}}]},"92":{"loc":{"start":{"line":467,"column":4},"end":{"line":471,"column":null}},"type":"if","locations":[{"start":{"line":467,"column":4},"end":{"line":471,"column":null}},{"start":{"line":469,"column":11},"end":{"line":471,"column":null}}]}},"s":{"0":1,"1":9,"2":1,"3":3,"4":0,"5":3,"6":1,"7":2,"8":1,"9":3,"10":1,"11":2,"12":1,"13":1,"14":1,"15":4,"16":2,"17":2,"18":2,"19":0,"20":0,"21":0,"22":8,"23":6,"24":2,"25":4,"26":2,"27":0,"28":2,"29":0,"30":2,"31":5,"32":5,"33":1,"34":4,"35":0,"36":5,"37":2,"38":3,"39":1,"40":2,"41":2,"42":0,"43":0,"44":0,"45":6,"46":4,"47":1,"48":3,"49":2,"50":0,"51":2,"52":0,"53":2,"54":5,"55":2,"56":3,"57":1,"58":5,"59":5,"60":2,"61":3,"62":0,"63":12,"64":5,"65":7,"66":2,"67":5,"68":7,"69":7,"70":0,"71":1,"72":2,"73":2,"74":4,"75":0,"76":4,"77":4,"78":4,"79":0,"80":2,"81":0,"82":2,"83":2,"84":2,"85":0,"86":1,"87":0,"88":0,"89":0,"90":0,"91":0,"92":1,"93":1,"94":4,"95":4,"96":2,"97":4,"98":1,"99":1,"100":0,"101":1,"102":1,"103":1,"104":1,"105":0,"106":0,"107":0,"108":0,"109":0,"110":0,"111":0,"112":0,"113":0,"114":0,"115":0,"116":0,"117":0,"118":0,"119":0,"120":0,"121":0,"122":0,"123":0,"124":0,"125":0,"126":0,"127":0,"128":0,"129":0,"130":0,"131":0,"132":0,"133":0,"134":0,"135":0,"136":0,"137":0,"138":0,"139":0,"140":0,"141":0,"142":0,"143":1,"144":0,"145":1,"146":1,"147":1,"148":1,"149":1,"150":1,"151":1,"152":1,"153":1,"154":1,"155":1,"156":1,"157":1,"158":1,"159":0,"160":1,"161":1,"162":0,"163":0,"164":0,"165":1,"166":1,"167":1,"168":1,"169":1,"170":3,"171":3,"172":0,"173":0,"174":3,"175":3,"176":7,"177":2,"178":2,"179":2,"180":0,"181":5,"182":5,"183":2,"184":3,"185":7,"186":3,"187":3,"188":3,"189":3,"190":3,"191":3,"192":0,"193":3,"194":1,"195":1,"196":2,"197":2,"198":3,"199":3,"200":4,"201":2,"202":1,"203":1,"204":2,"205":2,"206":0,"207":0,"208":4,"209":3,"210":3,"211":3,"212":3,"213":3,"214":3,"215":1,"216":2,"217":3,"218":0,"219":3,"220":3,"221":1,"222":0,"223":0,"224":0,"225":0,"226":0,"227":0,"228":0,"229":0,"230":0,"231":0,"232":0,"233":0,"234":0,"235":0,"236":0,"237":0,"238":0,"239":1,"240":0,"241":0,"242":0,"243":0,"244":0,"245":0,"246":0,"247":0,"248":0,"249":0,"250":0,"251":0,"252":0,"253":1},"f":{"0":9,"1":3,"2":3,"3":4,"4":8,"5":5,"6":5,"7":2,"8":6,"9":5,"10":5,"11":12,"12":7,"13":2,"14":2,"15":0,"16":1,"17":4,"18":1,"19":0,"20":0,"21":0,"22":0,"23":1,"24":1,"25":3,"26":0,"27":3,"28":3,"29":3,"30":0,"31":0},"b":{"0":[0],"1":[3,0],"2":[1],"3":[0,3],"4":[3,3],"5":[0,1],"6":[1,1],"7":[0,2],"8":[2,2],"9":[1],"10":[3,1],"11":[1],"12":[0,2],"13":[2,2],"14":[0,1],"15":[1,1],"16":[0,1],"17":[1,1],"18":[2],"19":[2],"20":[0],"21":[0,0],"22":[6],"23":[2],"24":[0],"25":[0],"26":[5],"27":[1],"28":[5,3],"29":[2],"30":[5,5],"31":[2],"32":[0],"33":[4],"34":[1],"35":[0],"36":[0],"37":[2],"38":[5,5],"39":[5],"40":[2],"41":[5,5],"42":[5],"43":[2],"44":[7],"45":[6,2,0],"46":[0,4],"47":[4,2],"48":[4],"49":[0],"50":[0],"51":[2],"52":[0],"53":[0],"54":[2],"55":[1],"56":[0],"57":[1],"58":[0],"59":[0],"60":[0,0],"61":[0],"62":[0],"63":[0,0],"64":[1,0],"65":[0,1],"66":[1,0],"67":[1,0,0,0,0],"68":[0],"69":[1],"70":[0,0],"71":[2,5],"72":[2,0],"73":[2,2],"74":[2,3],"75":[5,3],"76":[0],"77":[1,2],"78":[2,2],"79":[1],"80":[2],"81":[0],"82":[1,2],"83":[0,3],"84":[0],"85":[0],"86":[0],"87":[0],"88":[0],"89":[0,0],"90":[0],"91":[0],"92":[0,0]}}
}
