TN:
SF:src\classes.ts
FN:27,(anonymous_0)
FN:40,(anonymous_1)
FN:46,(anonymous_2)
FN:50,(anonymous_3)
FN:51,(anonymous_4)
FN:53,(anonymous_5)
FN:78,(anonymous_6)
FN:97,(anonymous_7)
FN:101,(anonymous_8)
FN:110,(anonymous_9)
FN:113,(anonymous_10)
FN:116,(anonymous_11)
FN:128,(anonymous_12)
FN:134,(anonymous_13)
FN:147,(anonymous_14)
FN:154,(anonymous_15)
FNF:16
FNH:11
FNDA:56,(anonymous_0)
FNDA:2,(anonymous_1)
FNDA:2,(anonymous_2)
FNDA:0,(anonymous_3)
FNDA:0,(anonymous_4)
FNDA:0,(anonymous_5)
FNDA:50,(anonymous_6)
FNDA:9,(anonymous_7)
FNDA:9,(anonymous_8)
FNDA:2,(anonymous_9)
FNDA:2,(anonymous_10)
FNDA:0,(anonymous_11)
FNDA:20,(anonymous_12)
FNDA:0,(anonymous_13)
FNDA:1,(anonymous_14)
FNDA:5,(anonymous_15)
DA:16,1
DA:21,56
DA:24,56
DA:26,56
DA:32,56
DA:33,56
DA:34,56
DA:35,56
DA:36,56
DA:37,56
DA:41,2
DA:47,2
DA:51,0
DA:54,0
DA:58,1
DA:59,50
DA:70,50
DA:71,50
DA:72,50
DA:76,50
DA:77,50
DA:82,50
DA:83,50
DA:84,50
DA:85,50
DA:86,50
DA:87,50
DA:88,50
DA:89,50
DA:90,50
DA:91,50
DA:92,50
DA:98,9
DA:102,9
DA:103,9
DA:104,17
DA:105,17
DA:107,9
DA:111,2
DA:114,2
DA:117,0
DA:118,0
DA:120,0
DA:124,1
DA:129,20
DA:130,20
DA:131,20
DA:135,0
DA:136,0
DA:138,0
DA:143,1
DA:146,1
DA:150,1
DA:151,1
DA:155,5
DA:156,5
LF:56
LH:48
BRDA:30,0,0,0
BRDA:30,1,0,0
BRDA:79,2,0,1
BRDA:79,3,0,1
BRDA:80,4,0,1
BRDA:80,5,0,1
BRDA:80,6,0,1
BRDA:80,7,0,1
BRDA:81,8,0,1
BRDA:81,9,0,1
BRDA:117,10,0,0
BRDA:135,11,0,0
BRF:12
BRH:8
end_of_record
TN:
SF:src\pathOperations.ts
FN:6,path
FN:12,head
FN:24,tail
FN:35,goingRightDown
FN:49,goingUPleft
FN:67,beforeSearch
FN:79,before
FN:87,goingLeftDown
FN:97,goingUpRight
FN:116,after
FN:123,afterSearch
FN:133,pcostInside
FN:145,pcost
FN:152,pmincostInside
FN:175,pmincost
FN:182,pupdateVertex
FN:192,pupdate
FN:196,reverseInside
FN:206,reverse
FN:217,leftrotation
FN:237,leftRebalancing
FN:248,rightrotation
FN:269,rightRebalancing
FN:280,getRootVirtualTree
FN:287,concatenate
FN:320,rightJoin
FN:326,leftJoin
FN:331,splitPath
FN:363,edgesConnectedWithVertex
FN:400,split
FN:425,splice
FN:454,expose
FNF:32
FNH:24
FNDA:9,path
FNDA:3,head
FNDA:3,tail
FNDA:4,goingRightDown
FNDA:8,goingUPleft
FNDA:5,beforeSearch
FNDA:5,before
FNDA:2,goingLeftDown
FNDA:6,goingUpRight
FNDA:5,after
FNDA:5,afterSearch
FNDA:12,pcostInside
FNDA:7,pcost
FNDA:2,pmincostInside
FNDA:2,pmincost
FNDA:0,pupdateVertex
FNDA:1,pupdate
FNDA:4,reverseInside
FNDA:1,reverse
FNDA:0,leftrotation
FNDA:0,leftRebalancing
FNDA:0,rightrotation
FNDA:0,rightRebalancing
FNDA:1,getRootVirtualTree
FNDA:1,concatenate
FNDA:3,rightJoin
FNDA:0,leftJoin
FNDA:3,splitPath
FNDA:3,edgesConnectedWithVertex
FNDA:3,split
FNDA:0,splice
FNDA:0,expose
DA:2,1
DA:6,1
DA:7,9
DA:12,1
DA:13,3
DA:14,0
DA:16,3
DA:17,1
DA:19,2
DA:24,1
DA:25,3
DA:26,1
DA:28,2
DA:29,1
DA:31,1
DA:36,4
DA:37,2
DA:39,2
DA:40,2
DA:42,0
DA:43,0
DA:45,0
DA:51,8
DA:52,6
DA:53,2
DA:55,4
DA:58,2
DA:59,0
DA:61,2
DA:62,0
DA:64,2
DA:68,5
DA:69,5
DA:70,1
DA:72,4
DA:74,0
DA:79,1
DA:80,5
DA:81,2
DA:83,3
DA:88,2
DA:89,2
DA:91,0
DA:92,0
DA:94,0
DA:98,6
DA:99,4
DA:100,1
DA:102,3
DA:104,2
DA:105,0
DA:107,2
DA:108,0
DA:110,2
DA:116,1
DA:117,5
DA:118,2
DA:120,3
DA:124,5
DA:125,5
DA:126,2
DA:128,3
DA:130,0
DA:134,12
DA:135,5
DA:137,7
DA:138,2
DA:140,5
DA:145,1
DA:146,7
DA:147,7
DA:149,0
DA:154,2
DA:155,2
DA:156,4
DA:157,0
DA:159,4
DA:160,4
DA:163,4
DA:164,0
DA:167,2
DA:168,0
DA:170,2
DA:175,1
DA:176,2
DA:177,2
DA:179,0
DA:183,0
DA:184,0
DA:185,0
DA:187,0
DA:188,0
DA:192,1
DA:193,1
DA:197,4
DA:198,4
DA:199,2
DA:201,4
DA:202,1
DA:206,1
DA:207,1
DA:208,0
DA:210,1
DA:211,1
DA:213,1
DA:218,0
DA:219,0
DA:220,0
DA:222,0
DA:223,0
DA:224,0
DA:225,0
DA:226,0
DA:227,0
DA:229,0
DA:230,0
DA:231,0
DA:232,0
DA:234,0
DA:238,0
DA:239,0
DA:241,0
DA:242,0
DA:244,0
DA:249,0
DA:250,0
DA:251,0
DA:253,0
DA:254,0
DA:255,0
DA:256,0
DA:257,0
DA:258,0
DA:260,0
DA:261,0
DA:262,0
DA:263,0
DA:265,0
DA:270,0
DA:271,0
DA:273,0
DA:274,0
DA:276,0
DA:281,1
DA:282,0
DA:284,1
DA:287,1
DA:288,1
DA:289,1
DA:290,1
DA:291,1
DA:292,1
DA:293,1
DA:294,1
DA:296,1
DA:297,1
DA:298,1
DA:299,1
DA:300,1
DA:301,1
DA:302,0
DA:304,1
DA:305,1
DA:307,0
DA:308,0
DA:310,0
DA:313,1
DA:314,1
DA:316,1
DA:317,1
DA:321,3
DA:322,3
DA:327,0
DA:328,0
DA:334,3
DA:336,3
DA:337,7
DA:338,2
DA:339,2
DA:340,2
DA:342,0
DA:345,5
DA:346,5
DA:347,2
DA:349,3
DA:352,7
DA:354,3
DA:364,3
DA:365,3
DA:366,3
DA:368,3
DA:369,0
DA:372,3
DA:373,1
DA:374,1
DA:376,2
DA:377,2
DA:380,3
DA:381,3
DA:382,4
DA:383,2
DA:384,1
DA:385,1
DA:387,2
DA:388,2
DA:389,0
DA:390,0
DA:393,4
DA:396,3
DA:400,1
DA:404,3
DA:405,3
DA:406,3
DA:407,3
DA:408,3
DA:409,1
DA:411,2
DA:414,3
DA:415,0
DA:417,3
DA:420,3
DA:425,1
DA:426,0
DA:427,0
DA:428,0
DA:429,0
DA:430,0
DA:431,0
DA:434,0
DA:435,0
DA:436,0
DA:437,0
DA:438,0
DA:439,0
DA:440,0
DA:445,0
DA:447,0
DA:448,0
DA:450,0
DA:454,1
DA:455,0
DA:458,0
DA:459,0
DA:460,0
DA:461,0
DA:462,0
DA:463,0
DA:467,0
DA:468,0
DA:470,0
DA:473,0
DA:474,0
DA:476,0
LF:253
LH:149
BRDA:13,0,0,0
BRDA:13,1,0,3
BRDA:13,1,1,0
BRDA:16,2,0,1
BRDA:16,3,0,0
BRDA:16,3,1,3
BRDA:16,4,0,3
BRDA:16,4,1,3
BRDA:17,5,0,0
BRDA:17,5,1,1
BRDA:17,6,0,1
BRDA:17,6,1,1
BRDA:19,7,0,0
BRDA:19,7,1,2
BRDA:19,8,0,2
BRDA:19,8,1,2
BRDA:25,9,0,1
BRDA:25,10,0,3
BRDA:25,10,1,1
BRDA:28,11,0,1
BRDA:28,12,0,0
BRDA:28,12,1,2
BRDA:28,13,0,2
BRDA:28,13,1,2
BRDA:29,14,0,0
BRDA:29,14,1,1
BRDA:29,15,0,1
BRDA:29,15,1,1
BRDA:31,16,0,0
BRDA:31,16,1,1
BRDA:31,17,0,1
BRDA:31,17,1,1
BRDA:36,18,0,2
BRDA:39,19,0,2
BRDA:42,20,0,0
BRDA:45,21,0,0
BRDA:45,21,1,0
BRDA:51,22,0,6
BRDA:52,23,0,2
BRDA:58,24,0,0
BRDA:61,25,0,0
BRDA:68,26,0,5
BRDA:69,27,0,1
BRDA:69,28,0,5
BRDA:69,28,1,3
BRDA:80,29,0,2
BRDA:80,30,0,5
BRDA:80,30,1,5
BRDA:88,31,0,2
BRDA:91,32,0,0
BRDA:98,33,0,4
BRDA:99,34,0,1
BRDA:104,35,0,0
BRDA:107,36,0,0
BRDA:117,37,0,2
BRDA:117,38,0,5
BRDA:117,38,1,5
BRDA:124,39,0,5
BRDA:125,40,0,2
BRDA:125,41,0,5
BRDA:125,41,1,5
BRDA:134,42,0,5
BRDA:137,43,0,2
BRDA:146,44,0,7
BRDA:155,45,0,6
BRDA:155,45,1,2
BRDA:155,45,2,0
BRDA:156,46,0,0
BRDA:156,46,1,4
BRDA:156,47,0,4
BRDA:156,47,1,2
BRDA:159,48,0,4
BRDA:163,49,0,0
BRDA:167,50,0,0
BRDA:176,51,0,2
BRDA:184,52,0,0
BRDA:187,53,0,0
BRDA:198,54,0,2
BRDA:201,55,0,1
BRDA:207,56,0,0
BRDA:210,57,0,1
BRDA:219,58,0,0
BRDA:231,59,0,0
BRDA:241,60,0,0
BRDA:241,60,1,0
BRDA:250,61,0,0
BRDA:262,62,0,0
BRDA:273,63,0,0
BRDA:273,63,1,0
BRDA:290,64,0,1
BRDA:290,64,1,0
BRDA:291,65,0,0
BRDA:291,65,1,1
BRDA:296,66,0,1
BRDA:296,66,1,0
BRDA:296,67,0,1
BRDA:296,67,1,0
BRDA:296,67,2,0
BRDA:296,67,3,0
BRDA:296,67,4,0
BRDA:301,68,0,0
BRDA:304,69,0,1
BRDA:307,70,0,0
BRDA:307,70,1,0
BRDA:337,71,0,2
BRDA:337,71,1,5
BRDA:339,72,0,2
BRDA:339,72,1,0
BRDA:339,73,0,2
BRDA:339,73,1,2
BRDA:346,74,0,2
BRDA:346,74,1,3
BRDA:346,75,0,5
BRDA:346,75,1,3
BRDA:368,76,0,0
BRDA:372,77,0,1
BRDA:372,77,1,2
BRDA:382,78,0,2
BRDA:382,78,1,2
BRDA:383,79,0,1
BRDA:387,80,0,2
BRDA:388,81,0,0
BRDA:408,82,0,1
BRDA:408,82,1,2
BRDA:414,83,0,0
BRDA:414,83,1,3
BRDA:428,84,0,0
BRDA:430,85,0,0
BRDA:434,86,0,0
BRDA:437,87,0,0
BRDA:439,88,0,0
BRDA:447,89,0,0
BRDA:447,89,1,0
BRDA:458,90,0,0
BRDA:462,91,0,0
BRDA:467,92,0,0
BRDA:467,92,1,0
BRF:137
BRH:81
end_of_record
